Flow report for Projet
Fri Nov 11 13:57:41 2022
Quartus II Version 9.1 Build 350 03/24/2010 Service Pack 2 SJ Web Edition


---------------------
; Table of Contents ;
---------------------
  1. Legal Notice
  2. Flow Summary
  3. Flow Settings
  4. Flow Non-Default Global Settings
  5. Flow Elapsed Time
  6. Flow OS Summary
  7. Flow Log



----------------
; Legal Notice ;
----------------
Copyright (C) 1991-2010 Altera Corporation
Your use of Altera Corporation's design tools, logic functions 
and other software and tools, and its AMPP partner logic 
functions, and any output files from any of the foregoing 
(including device programming or simulation files), and any 
associated documentation or information are expressly subject 
to the terms and conditions of the Altera Program License 
Subscription Agreement, Altera MegaCore Function License 
Agreement, or other applicable license agreement, including, 
without limitation, that your use is for the sole purpose of 
programming logic devices manufactured by Altera and sold by 
Altera or its authorized distributors.  Please refer to the 
applicable agreement for further details.



+-----------------------------------------------------------------------------------+
; Flow Summary                                                                      ;
+------------------------------------+----------------------------------------------+
; Flow Status                        ; Successful - Fri Nov 11 13:57:41 2022        ;
; Quartus II Version                 ; 9.1 Build 350 03/24/2010 SP 2 SJ Web Edition ;
; Revision Name                      ; Projet                                       ;
; Top-level Entity Name              ; FPGA                                         ;
; Family                             ; Cyclone III                                  ;
; Device                             ; EP3C16F484C6                                 ;
; Timing Models                      ; Final                                        ;
; Met timing requirements            ; N/A                                          ;
; Total logic elements               ; 477 / 15,408 ( 3 % )                         ;
;     Total combinational functions  ; 477 / 15,408 ( 3 % )                         ;
;     Dedicated logic registers      ; 100 / 15,408 ( < 1 % )                       ;
; Total registers                    ; 100                                          ;
; Total pins                         ; 38 / 347 ( 11 % )                            ;
; Total virtual pins                 ; 0                                            ;
; Total memory bits                  ; 0 / 516,096 ( 0 % )                          ;
; Embedded Multiplier 9-bit elements ; 4 / 112 ( 4 % )                              ;
; Total PLLs                         ; 0 / 4 ( 0 % )                                ;
+------------------------------------+----------------------------------------------+


+-----------------------------------------+
; Flow Settings                           ;
+-------------------+---------------------+
; Option            ; Setting             ;
+-------------------+---------------------+
; Start date & time ; 11/11/2022 13:57:26 ;
; Main task         ; Compilation         ;
; Revision Name     ; Projet              ;
+-------------------+---------------------+


+------------------------------------------------------------------------------------------------------------------------------------+
; Flow Non-Default Global Settings                                                                                                   ;
+------------------------------------+------------------------------------------------+---------------+-------------+----------------+
; Assignment Name                    ; Value                                          ; Default Value ; Entity Name ; Section Id     ;
+------------------------------------+------------------------------------------------+---------------+-------------+----------------+
; COMPILER_SIGNATURE_ID              ; 150462072752557.166816784606192                ; --            ; --          ; --             ;
; EDA_OUTPUT_DATA_FORMAT             ; Vhdl                                           ; --            ; --          ; eda_simulation ;
; EDA_SIMULATION_TOOL                ; ModelSim-Altera (VHDL)                         ; <None>        ; --          ; --             ;
; MAX_CORE_JUNCTION_TEMP             ; 85                                             ; --            ; --          ; --             ;
; MIN_CORE_JUNCTION_TEMP             ; 0                                              ; --            ; --          ; --             ;
; MISC_FILE                          ; C:/Users/Naor/Desktop/Final Project/Projet.dpf ; --            ; --          ; --             ;
; NOMINAL_CORE_SUPPLY_VOLTAGE        ; 1.2V                                           ; --            ; --          ; --             ;
; PARTITION_COLOR                    ; 16764057                                       ; --            ; FPGA        ; Top            ;
; PARTITION_NETLIST_TYPE             ; SOURCE                                         ; --            ; FPGA        ; Top            ;
; TOP_LEVEL_ENTITY                   ; FPGA                                           ; Projet        ; --          ; --             ;
; USE_GENERATED_PHYSICAL_CONSTRAINTS ; Off                                            ; --            ; --          ; eda_blast_fpga ;
; VERILOG_INPUT_VERSION              ; SystemVerilog_2005                             ; Verilog_2001  ; --          ; --             ;
; VHDL_INPUT_VERSION                 ; VHDL_2008                                      ; VHDL_1993     ; --          ; --             ;
+------------------------------------+------------------------------------------------+---------------+-------------+----------------+


+-------------------------------------------------------------------------------------------------------------------------------+
; Flow Elapsed Time                                                                                                             ;
+---------------------------+--------------+-------------------------+---------------------+------------------------------------+
; Module Name               ; Elapsed Time ; Average Processors Used ; Peak Virtual Memory ; Total CPU Time (on all processors) ;
+---------------------------+--------------+-------------------------+---------------------+------------------------------------+
; Analysis & Synthesis      ; 00:00:02     ; 1.0                     ; 250 MB              ; 00:00:01                           ;
; Fitter                    ; 00:00:04     ; 1.0                     ; 276 MB              ; 00:00:03                           ;
; TimeQuest Timing Analyzer ; 00:00:02     ; 1.0                     ; 241 MB              ; 00:00:01                           ;
; Assembler                 ; 00:00:01     ; 1.0                     ; 224 MB              ; 00:00:00                           ;
; EDA Netlist Writer        ; 00:00:01     ; 1.0                     ; 182 MB              ; 00:00:01                           ;
; Total                     ; 00:00:09     ; --                      ; --                  ; 00:00:06                           ;
+---------------------------+--------------+-------------------------+---------------------+------------------------------------+


+--------------------------------------------------------------------------------------------+
; Flow OS Summary                                                                            ;
+---------------------------+------------------+---------------+------------+----------------+
; Module Name               ; Machine Hostname ; OS Name       ; OS Version ; Processor type ;
+---------------------------+------------------+---------------+------------+----------------+
; Analysis & Synthesis      ; DESKTOP-2TC7T40  ; Windows Vista ; 6.2        ; x86_64         ;
; Fitter                    ; DESKTOP-2TC7T40  ; Windows Vista ; 6.2        ; x86_64         ;
; Assembler                 ; DESKTOP-2TC7T40  ; Windows Vista ; 6.2        ; x86_64         ;
; TimeQuest Timing Analyzer ; DESKTOP-2TC7T40  ; Windows Vista ; 6.2        ; x86_64         ;
; EDA Netlist Writer        ; DESKTOP-2TC7T40  ; Windows Vista ; 6.2        ; x86_64         ;
+---------------------------+------------------+---------------+------------+----------------+


------------
; Flow Log ;
------------
quartus_map --read_settings_files=on --write_settings_files=off Projet -c Projet
quartus_fit --read_settings_files=off --write_settings_files=off Projet -c Projet
quartus_asm --read_settings_files=off --write_settings_files=off Projet -c Projet
quartus_sta Projet -c Projet
quartus_eda --read_settings_files=off --write_settings_files=off Projet -c Projet



